<?xml version="1.0" encoding="UTF-8"?>
<testsuite xmlns:xsi="http://www.w3.org/2001/XMLSchema-instance" xsi:noNamespaceSchemaLocation="https://maven.apache.org/surefire/maven-surefire-plugin/xsd/surefire-test-report-3.0.xsd" version="3.0" name="org.example.CalculatorTest" time="0.141" tests="5" errors="0" skipped="0" failures="0">
  <properties>
    <property name="java.specification.version" value="17"/>
    <property name="sun.cpu.isalist" value="amd64"/>
    <property name="sun.jnu.encoding" value="Cp1252"/>
    <property name="java.class.path" value="C:\Users\rjuan\Downloads\team-metrics-project\target\test-classes;C:\Users\rjuan\Downloads\team-metrics-project\target\classes;C:\Users\rjuan\.m2\repository\org\junit\jupiter\junit-jupiter\5.9.0\junit-jupiter-5.9.0.jar;C:\Users\rjuan\.m2\repository\org\junit\jupiter\junit-jupiter-api\5.9.0\junit-jupiter-api-5.9.0.jar;C:\Users\rjuan\.m2\repository\org\opentest4j\opentest4j\1.2.0\opentest4j-1.2.0.jar;C:\Users\rjuan\.m2\repository\org\junit\platform\junit-platform-commons\1.9.0\junit-platform-commons-1.9.0.jar;C:\Users\rjuan\.m2\repository\org\apiguardian\apiguardian-api\1.1.2\apiguardian-api-1.1.2.jar;C:\Users\rjuan\.m2\repository\org\junit\jupiter\junit-jupiter-params\5.9.0\junit-jupiter-params-5.9.0.jar;C:\Users\rjuan\.m2\repository\org\junit\jupiter\junit-jupiter-engine\5.9.0\junit-jupiter-engine-5.9.0.jar;C:\Users\rjuan\.m2\repository\org\junit\platform\junit-platform-engine\1.9.0\junit-platform-engine-1.9.0.jar;"/>
    <property name="java.vm.vendor" value="OpenLogic"/>
    <property name="sun.arch.data.model" value="64"/>
    <property name="user.variant" value=""/>
    <property name="java.vendor.url" value="https://openlogic.com/"/>
    <property name="user.timezone" value="America/Bogota"/>
    <property name="os.name" value="Windows 11"/>
    <property name="java.vm.specification.version" value="17"/>
    <property name="sun.java.launcher" value="SUN_STANDARD"/>
    <property name="user.country" value="US"/>
    <property name="sun.boot.library.path" value="C:\Program Files\OpenLogic\jdk-17.0.14.7-hotspot\bin"/>
    <property name="sun.java.command" value="C:\Users\rjuan\AppData\Local\Temp\surefire8975711514889427408\surefirebooter-20250603131738477_3.jar C:\Users\rjuan\AppData\Local\Temp\surefire8975711514889427408 2025-06-03T13-17-37_642-jvmRun1 surefire-20250603131738477_1tmp surefire_0-20250603131738477_2tmp"/>
    <property name="jdk.debug" value="release"/>
    <property name="surefire.test.class.path" value="C:\Users\rjuan\Downloads\team-metrics-project\target\test-classes;C:\Users\rjuan\Downloads\team-metrics-project\target\classes;C:\Users\rjuan\.m2\repository\org\junit\jupiter\junit-jupiter\5.9.0\junit-jupiter-5.9.0.jar;C:\Users\rjuan\.m2\repository\org\junit\jupiter\junit-jupiter-api\5.9.0\junit-jupiter-api-5.9.0.jar;C:\Users\rjuan\.m2\repository\org\opentest4j\opentest4j\1.2.0\opentest4j-1.2.0.jar;C:\Users\rjuan\.m2\repository\org\junit\platform\junit-platform-commons\1.9.0\junit-platform-commons-1.9.0.jar;C:\Users\rjuan\.m2\repository\org\apiguardian\apiguardian-api\1.1.2\apiguardian-api-1.1.2.jar;C:\Users\rjuan\.m2\repository\org\junit\jupiter\junit-jupiter-params\5.9.0\junit-jupiter-params-5.9.0.jar;C:\Users\rjuan\.m2\repository\org\junit\jupiter\junit-jupiter-engine\5.9.0\junit-jupiter-engine-5.9.0.jar;C:\Users\rjuan\.m2\repository\org\junit\platform\junit-platform-engine\1.9.0\junit-platform-engine-1.9.0.jar;"/>
    <property name="sun.cpu.endian" value="little"/>
    <property name="user.home" value="C:\Users\rjuan"/>
    <property name="user.language" value="en"/>
    <property name="java.specification.vendor" value="Oracle Corporation"/>
    <property name="java.version.date" value="2025-01-21"/>
    <property name="java.home" value="C:\Program Files\OpenLogic\jdk-17.0.14.7-hotspot"/>
    <property name="file.separator" value="\"/>
    <property name="basedir" value="C:\Users\rjuan\Downloads\team-metrics-project"/>
    <property name="java.vm.compressedOopsMode" value="Zero based"/>
    <property name="line.separator" value="&#10;"/>
    <property name="java.vm.specification.vendor" value="Oracle Corporation"/>
    <property name="java.specification.name" value="Java Platform API Specification"/>
    <property name="surefire.real.class.path" value="C:\Users\rjuan\AppData\Local\Temp\surefire8975711514889427408\surefirebooter-20250603131738477_3.jar"/>
    <property name="user.script" value=""/>
    <property name="sun.management.compiler" value="HotSpot 64-Bit Tiered Compilers"/>
    <property name="java.runtime.version" value="17.0.14+7-adhoc..jdk17u"/>
    <property name="user.name" value="rjuan"/>
    <property name="path.separator" value=";"/>
    <property name="os.version" value="10.0"/>
    <property name="java.runtime.name" value="OpenJDK Runtime Environment"/>
    <property name="file.encoding" value="Cp1252"/>
    <property name="java.vm.name" value="OpenJDK 64-Bit Server VM"/>
    <property name="java.vendor.version" value="OpenLogic-OpenJDK"/>
    <property name="localRepository" value="C:\Users\rjuan\.m2\repository"/>
    <property name="java.vendor.url.bug" value="https://techsupport.roguewave.com/"/>
    <property name="java.io.tmpdir" value="C:\Users\rjuan\AppData\Local\Temp\"/>
    <property name="java.version" value="17.0.14"/>
    <property name="user.dir" value="C:\Users\rjuan\Downloads\team-metrics-project"/>
    <property name="os.arch" value="amd64"/>
    <property name="java.vm.specification.name" value="Java Virtual Machine Specification"/>
    <property name="sun.os.patch.level" value=""/>
    <property name="native.encoding" value="Cp1252"/>
    <property name="java.library.path" value="C:\Program Files\OpenLogic\jdk-17.0.14.7-hotspot\bin;C:\WINDOWS\Sun\Java\bin;C:\WINDOWS\system32;C:\WINDOWS;C:\Program Files\OpenLogic\jdk-17.0.14.7-hotspot\bin;C:\Program Files\Eclipse Adoptium\jdk-17.0.14.7-hotspot\bin;C:\Program Files\Common Files\Oracle\Java\javapath;C:\WINDOWS\system32;C:\WINDOWS;C:\WINDOWS\System32\Wbem;C:\WINDOWS\System32\WindowsPowerShell\v1.0\;C:\WINDOWS\System32\OpenSSH\;C:\Program Files\Microsoft SQL Server\Client SDK\ODBC\170\Tools\Binn\;C:\Program Files\Microsoft SQL Server\150\DTS\Binn\;C:\Program Files\Git\cmd;C:\Program Files (x86)\Windows Kits\10\Windows Performance Toolkit\;C:\Program Files\Docker\Docker\resources\bin;C:\Users\rjuan\AppData\Roaming\nvm;C:\Program Files\nodejs;C:\Program Files\dotnet\;C:\Program Files (x86)\Microsoft SQL Server\150\Tools\Binn\;C:\Program Files\Microsoft SQL Server\150\Tools\Binn\;C:\Program Files (x86)\Microsoft SQL Server\160\DTS\Binn\;C:\Program Files\Microsoft SQL Server\130\DTS\Binn\;C:\Program Files\Microsoft SQL Server\140\DTS\Binn\;C:\Program Files\Microsoft SQL Server\160\DTS\Binn\;C:\Program Files\Amazon\AWSCLIV2\;C:\Users\rjuan\Downloads\apache-maven-3.9.9\bin;C:\Program Files\Kubernetes\Minikube;C:\Users\rjuan\Downloads\Kubectl;C:\Users\rjuan\Downloads\Istio\istio-1.24.6\bin;;C:\ProgramData\chocolatey\bin;C:\Users\rjuan\.jbang\bin;C:\Users\rjuan\.jbang\bin;C:\Python\Python312\Scripts\;C:\Python\Python312\;C:\Users\rjuan\AppData\Local\Microsoft\WindowsApps;C:\Users\rjuan\Programs 2024 ALL\bin;C:\Users\rjuan\AppData\Roaming\npm;&quot;C:\Users\rjuan\Downloads\Proyectos 2024\odontobb\flutter\bin&quot;;C:\Users\rjuan\AppData\Roaming\nvm;C:\Program Files\nodejs;C:\Users\rjuan\.dotnet\tools;;."/>
    <property name="java.vm.info" value="mixed mode, sharing"/>
    <property name="java.vendor" value="OpenLogic"/>
    <property name="java.vm.version" value="17.0.14+7-adhoc..jdk17u"/>
    <property name="java.specification.maintenance.version" value="1"/>
    <property name="sun.io.unicode.encoding" value="UnicodeLittle"/>
    <property name="java.class.version" value="61.0"/>
  </properties>
  <testcase name="testDivideByZero" classname="org.example.CalculatorTest" time="0.074"/>
  <testcase name="testSum" classname="org.example.CalculatorTest" time="0.004"/>
  <testcase name="testSubstract" classname="org.example.CalculatorTest" time="0.002"/>
  <testcase name="testDivide" classname="org.example.CalculatorTest" time="0.001"/>
  <testcase name="testMultiply" classname="org.example.CalculatorTest" time="0.002"/>
</testsuite>